

Microchip Technology PIC LITE Macro Assembler V1.35 build -356382666 
                                                                                               Fri Aug 19 23:14:36 2016

Microchip Technology Omniscient Code Generator v1.35 (Free mode) build 201507080246
     1                           	processor	16F18324
     2                           	opt	pw 120
     3                           	opt	lm
     4                           	psect	idataCOMMON,global,class=CODE,delta=2
     5                           	psect	cinit,global,class=CODE,merge=1,delta=2
     6                           	psect	dataCOMMON,global,class=COMMON,space=1,delta=1
     7                           	psect	cstackCOMMON,global,class=COMMON,space=1,delta=1
     8                           	psect	maintext,global,class=CODE,merge=1,split=1,delta=2
     9                           	psect	text1,local,class=CODE,merge=1,delta=2
    10                           	psect	text2,local,class=CODE,merge=1,delta=2
    11                           	psect	text3,local,class=CODE,merge=1,delta=2
    12                           	psect	text4,local,class=CODE,merge=1,delta=2
    13                           	psect	intentry,global,class=CODE,delta=2
    14                           	dabs	1,0x7E,2
    15  0000                     	;# 
    16  0001                     	;# 
    17  0002                     	;# 
    18  0003                     	;# 
    19  0004                     	;# 
    20  0005                     	;# 
    21  0006                     	;# 
    22  0007                     	;# 
    23  0008                     	;# 
    24  0009                     	;# 
    25  000A                     	;# 
    26  000B                     	;# 
    27  000C                     	;# 
    28  000E                     	;# 
    29  0010                     	;# 
    30  0011                     	;# 
    31  0012                     	;# 
    32  0013                     	;# 
    33  0014                     	;# 
    34  0015                     	;# 
    35  0016                     	;# 
    36  0017                     	;# 
    37  0018                     	;# 
    38  0019                     	;# 
    39  0019                     	;# 
    40  001A                     	;# 
    41  001B                     	;# 
    42  001C                     	;# 
    43  001D                     	;# 
    44  001E                     	;# 
    45  001F                     	;# 
    46  008C                     	;# 
    47  008E                     	;# 
    48  0090                     	;# 
    49  0091                     	;# 
    50  0092                     	;# 
    51  0093                     	;# 
    52  0094                     	;# 
    53  0097                     	;# 
    54  009B                     	;# 
    55  009B                     	;# 
    56  009C                     	;# 
    57  009D                     	;# 
    58  009E                     	;# 
    59  009F                     	;# 
    60  010C                     	;# 
    61  010E                     	;# 
    62  0111                     	;# 
    63  0112                     	;# 
    64  0113                     	;# 
    65  0114                     	;# 
    66  0115                     	;# 
    67  0116                     	;# 
    68  0117                     	;# 
    69  0118                     	;# 
    70  0119                     	;# 
    71  018C                     	;# 
    72  018E                     	;# 
    73  0197                     	;# 
    74  0199                     	;# 
    75  0199                     	;# 
    76  0199                     	;# 
    77  019A                     	;# 
    78  019A                     	;# 
    79  019A                     	;# 
    80  019B                     	;# 
    81  019B                     	;# 
    82  019B                     	;# 
    83  019B                     	;# 
    84  019B                     	;# 
    85  019C                     	;# 
    86  019C                     	;# 
    87  019C                     	;# 
    88  019D                     	;# 
    89  019D                     	;# 
    90  019D                     	;# 
    91  019E                     	;# 
    92  019E                     	;# 
    93  019E                     	;# 
    94  019F                     	;# 
    95  019F                     	;# 
    96  019F                     	;# 
    97  019F                     	;# 
    98  019F                     	;# 
    99  020C                     	;# 
   100  020E                     	;# 
   101  0211                     	;# 
   102  0211                     	;# 
   103  0212                     	;# 
   104  0212                     	;# 
   105  0213                     	;# 
   106  0213                     	;# 
   107  0214                     	;# 
   108  0214                     	;# 
   109  0215                     	;# 
   110  0215                     	;# 
   111  0215                     	;# 
   112  0215                     	;# 
   113  0216                     	;# 
   114  0216                     	;# 
   115  0217                     	;# 
   116  0217                     	;# 
   117  028C                     	;# 
   118  028E                     	;# 
   119  0291                     	;# 
   120  0291                     	;# 
   121  0292                     	;# 
   122  0293                     	;# 
   123  0294                     	;# 
   124  0295                     	;# 
   125  0295                     	;# 
   126  0296                     	;# 
   127  0297                     	;# 
   128  0298                     	;# 
   129  029F                     	;# 
   130  030C                     	;# 
   131  030E                     	;# 
   132  0311                     	;# 
   133  0311                     	;# 
   134  0312                     	;# 
   135  0313                     	;# 
   136  0314                     	;# 
   137  0315                     	;# 
   138  0315                     	;# 
   139  0316                     	;# 
   140  0317                     	;# 
   141  0318                     	;# 
   142  038C                     	;# 
   143  038E                     	;# 
   144  0391                     	;# 
   145  0392                     	;# 
   146  0393                     	;# 
   147  0397                     	;# 
   148  0398                     	;# 
   149  0399                     	;# 
   150  039A                     	;# 
   151  039C                     	;# 
   152  039D                     	;# 
   153  039E                     	;# 
   154  039F                     	;# 
   155  040C                     	;# 
   156  040E                     	;# 
   157  0411                     	;# 
   158  0411                     	;# 
   159  0412                     	;# 
   160  0413                     	;# 
   161  0414                     	;# 
   162  0415                     	;# 
   163  0416                     	;# 
   164  0417                     	;# 
   165  0418                     	;# 
   166  0418                     	;# 
   167  0419                     	;# 
   168  041A                     	;# 
   169  041B                     	;# 
   170  041C                     	;# 
   171  041D                     	;# 
   172  041E                     	;# 
   173  041F                     	;# 
   174  048C                     	;# 
   175  048E                     	;# 
   176  0498                     	;# 
   177  0499                     	;# 
   178  049A                     	;# 
   179  049B                     	;# 
   180  049C                     	;# 
   181  049D                     	;# 
   182  049E                     	;# 
   183  049F                     	;# 
   184  0617                     	;# 
   185  0618                     	;# 
   186  0619                     	;# 
   187  0619                     	;# 
   188  061A                     	;# 
   189  061B                     	;# 
   190  061C                     	;# 
   191  061C                     	;# 
   192  061F                     	;# 
   193  0691                     	;# 
   194  0692                     	;# 
   195  0693                     	;# 
   196  0694                     	;# 
   197  0695                     	;# 
   198  0696                     	;# 
   199  0697                     	;# 
   200  0698                     	;# 
   201  0699                     	;# 
   202  0711                     	;# 
   203  0712                     	;# 
   204  0713                     	;# 
   205  0714                     	;# 
   206  0715                     	;# 
   207  0716                     	;# 
   208  0717                     	;# 
   209  0718                     	;# 
   210  0719                     	;# 
   211  0891                     	;# 
   212  0891                     	;# 
   213  0892                     	;# 
   214  0893                     	;# 
   215  0893                     	;# 
   216  0894                     	;# 
   217  0895                     	;# 
   218  0896                     	;# 
   219  089B                     	;# 
   220  0911                     	;# 
   221  0912                     	;# 
   222  0913                     	;# 
   223  0914                     	;# 
   224  0915                     	;# 
   225  0916                     	;# 
   226  0918                     	;# 
   227  0919                     	;# 
   228  091A                     	;# 
   229  091B                     	;# 
   230  091C                     	;# 
   231  091D                     	;# 
   232  091E                     	;# 
   233  091F                     	;# 
   234  0E0F                     	;# 
   235  0E10                     	;# 
   236  0E11                     	;# 
   237  0E12                     	;# 
   238  0E13                     	;# 
   239  0E14                     	;# 
   240  0E15                     	;# 
   241  0E16                     	;# 
   242  0E17                     	;# 
   243  0E18                     	;# 
   244  0E19                     	;# 
   245  0E1A                     	;# 
   246  0E1B                     	;# 
   247  0E1C                     	;# 
   248  0E20                     	;# 
   249  0E21                     	;# 
   250  0E22                     	;# 
   251  0E24                     	;# 
   252  0E25                     	;# 
   253  0E28                     	;# 
   254  0E29                     	;# 
   255  0E2A                     	;# 
   256  0E2B                     	;# 
   257  0E2C                     	;# 
   258  0E2D                     	;# 
   259  0E2E                     	;# 
   260  0E2F                     	;# 
   261  0E90                     	;# 
   262  0E91                     	;# 
   263  0E92                     	;# 
   264  0E94                     	;# 
   265  0E95                     	;# 
   266  0EA0                     	;# 
   267  0EA1                     	;# 
   268  0EA2                     	;# 
   269  0EA3                     	;# 
   270  0EA4                     	;# 
   271  0EA5                     	;# 
   272  0F0F                     	;# 
   273  0F10                     	;# 
   274  0F11                     	;# 
   275  0F12                     	;# 
   276  0F13                     	;# 
   277  0F14                     	;# 
   278  0F15                     	;# 
   279  0F16                     	;# 
   280  0F17                     	;# 
   281  0F18                     	;# 
   282  0F19                     	;# 
   283  0F1A                     	;# 
   284  0F1B                     	;# 
   285  0F1C                     	;# 
   286  0F1D                     	;# 
   287  0F1E                     	;# 
   288  0F1F                     	;# 
   289  0F20                     	;# 
   290  0F21                     	;# 
   291  0F22                     	;# 
   292  0F23                     	;# 
   293  0F24                     	;# 
   294  0F25                     	;# 
   295  0F26                     	;# 
   296  0F27                     	;# 
   297  0F28                     	;# 
   298  0F29                     	;# 
   299  0F2A                     	;# 
   300  0F2B                     	;# 
   301  0F2C                     	;# 
   302  0F2D                     	;# 
   303  0F2E                     	;# 
   304  0F2F                     	;# 
   305  0F30                     	;# 
   306  0F31                     	;# 
   307  0F32                     	;# 
   308  0F33                     	;# 
   309  0F34                     	;# 
   310  0F35                     	;# 
   311  0F36                     	;# 
   312  0F37                     	;# 
   313  0FE4                     	;# 
   314  0FE5                     	;# 
   315  0FE6                     	;# 
   316  0FE7                     	;# 
   317  0FE8                     	;# 
   318  0FE9                     	;# 
   319  0FEA                     	;# 
   320  0FEB                     	;# 
   321  0FED                     	;# 
   322  0FEE                     	;# 
   323  0FEF                     	;# 
   324  0000                     	;# 
   325  0001                     	;# 
   326  0002                     	;# 
   327  0003                     	;# 
   328  0004                     	;# 
   329  0005                     	;# 
   330  0006                     	;# 
   331  0007                     	;# 
   332  0008                     	;# 
   333  0009                     	;# 
   334  000A                     	;# 
   335  000B                     	;# 
   336  000C                     	;# 
   337  000E                     	;# 
   338  0010                     	;# 
   339  0011                     	;# 
   340  0012                     	;# 
   341  0013                     	;# 
   342  0014                     	;# 
   343  0015                     	;# 
   344  0016                     	;# 
   345  0017                     	;# 
   346  0018                     	;# 
   347  0019                     	;# 
   348  0019                     	;# 
   349  001A                     	;# 
   350  001B                     	;# 
   351  001C                     	;# 
   352  001D                     	;# 
   353  001E                     	;# 
   354  001F                     	;# 
   355  008C                     	;# 
   356  008E                     	;# 
   357  0090                     	;# 
   358  0091                     	;# 
   359  0092                     	;# 
   360  0093                     	;# 
   361  0094                     	;# 
   362  0097                     	;# 
   363  009B                     	;# 
   364  009B                     	;# 
   365  009C                     	;# 
   366  009D                     	;# 
   367  009E                     	;# 
   368  009F                     	;# 
   369  010C                     	;# 
   370  010E                     	;# 
   371  0111                     	;# 
   372  0112                     	;# 
   373  0113                     	;# 
   374  0114                     	;# 
   375  0115                     	;# 
   376  0116                     	;# 
   377  0117                     	;# 
   378  0118                     	;# 
   379  0119                     	;# 
   380  018C                     	;# 
   381  018E                     	;# 
   382  0197                     	;# 
   383  0199                     	;# 
   384  0199                     	;# 
   385  0199                     	;# 
   386  019A                     	;# 
   387  019A                     	;# 
   388  019A                     	;# 
   389  019B                     	;# 
   390  019B                     	;# 
   391  019B                     	;# 
   392  019B                     	;# 
   393  019B                     	;# 
   394  019C                     	;# 
   395  019C                     	;# 
   396  019C                     	;# 
   397  019D                     	;# 
   398  019D                     	;# 
   399  019D                     	;# 
   400  019E                     	;# 
   401  019E                     	;# 
   402  019E                     	;# 
   403  019F                     	;# 
   404  019F                     	;# 
   405  019F                     	;# 
   406  019F                     	;# 
   407  019F                     	;# 
   408  020C                     	;# 
   409  020E                     	;# 
   410  0211                     	;# 
   411  0211                     	;# 
   412  0212                     	;# 
   413  0212                     	;# 
   414  0213                     	;# 
   415  0213                     	;# 
   416  0214                     	;# 
   417  0214                     	;# 
   418  0215                     	;# 
   419  0215                     	;# 
   420  0215                     	;# 
   421  0215                     	;# 
   422  0216                     	;# 
   423  0216                     	;# 
   424  0217                     	;# 
   425  0217                     	;# 
   426  028C                     	;# 
   427  028E                     	;# 
   428  0291                     	;# 
   429  0291                     	;# 
   430  0292                     	;# 
   431  0293                     	;# 
   432  0294                     	;# 
   433  0295                     	;# 
   434  0295                     	;# 
   435  0296                     	;# 
   436  0297                     	;# 
   437  0298                     	;# 
   438  029F                     	;# 
   439  030C                     	;# 
   440  030E                     	;# 
   441  0311                     	;# 
   442  0311                     	;# 
   443  0312                     	;# 
   444  0313                     	;# 
   445  0314                     	;# 
   446  0315                     	;# 
   447  0315                     	;# 
   448  0316                     	;# 
   449  0317                     	;# 
   450  0318                     	;# 
   451  038C                     	;# 
   452  038E                     	;# 
   453  0391                     	;# 
   454  0392                     	;# 
   455  0393                     	;# 
   456  0397                     	;# 
   457  0398                     	;# 
   458  0399                     	;# 
   459  039A                     	;# 
   460  039C                     	;# 
   461  039D                     	;# 
   462  039E                     	;# 
   463  039F                     	;# 
   464  040C                     	;# 
   465  040E                     	;# 
   466  0411                     	;# 
   467  0411                     	;# 
   468  0412                     	;# 
   469  0413                     	;# 
   470  0414                     	;# 
   471  0415                     	;# 
   472  0416                     	;# 
   473  0417                     	;# 
   474  0418                     	;# 
   475  0418                     	;# 
   476  0419                     	;# 
   477  041A                     	;# 
   478  041B                     	;# 
   479  041C                     	;# 
   480  041D                     	;# 
   481  041E                     	;# 
   482  041F                     	;# 
   483  048C                     	;# 
   484  048E                     	;# 
   485  0498                     	;# 
   486  0499                     	;# 
   487  049A                     	;# 
   488  049B                     	;# 
   489  049C                     	;# 
   490  049D                     	;# 
   491  049E                     	;# 
   492  049F                     	;# 
   493  0617                     	;# 
   494  0618                     	;# 
   495  0619                     	;# 
   496  0619                     	;# 
   497  061A                     	;# 
   498  061B                     	;# 
   499  061C                     	;# 
   500  061C                     	;# 
   501  061F                     	;# 
   502  0691                     	;# 
   503  0692                     	;# 
   504  0693                     	;# 
   505  0694                     	;# 
   506  0695                     	;# 
   507  0696                     	;# 
   508  0697                     	;# 
   509  0698                     	;# 
   510  0699                     	;# 
   511  0711                     	;# 
   512  0712                     	;# 
   513  0713                     	;# 
   514  0714                     	;# 
   515  0715                     	;# 
   516  0716                     	;# 
   517  0717                     	;# 
   518  0718                     	;# 
   519  0719                     	;# 
   520  0891                     	;# 
   521  0891                     	;# 
   522  0892                     	;# 
   523  0893                     	;# 
   524  0893                     	;# 
   525  0894                     	;# 
   526  0895                     	;# 
   527  0896                     	;# 
   528  089B                     	;# 
   529  0911                     	;# 
   530  0912                     	;# 
   531  0913                     	;# 
   532  0914                     	;# 
   533  0915                     	;# 
   534  0916                     	;# 
   535  0918                     	;# 
   536  0919                     	;# 
   537  091A                     	;# 
   538  091B                     	;# 
   539  091C                     	;# 
   540  091D                     	;# 
   541  091E                     	;# 
   542  091F                     	;# 
   543  0E0F                     	;# 
   544  0E10                     	;# 
   545  0E11                     	;# 
   546  0E12                     	;# 
   547  0E13                     	;# 
   548  0E14                     	;# 
   549  0E15                     	;# 
   550  0E16                     	;# 
   551  0E17                     	;# 
   552  0E18                     	;# 
   553  0E19                     	;# 
   554  0E1A                     	;# 
   555  0E1B                     	;# 
   556  0E1C                     	;# 
   557  0E20                     	;# 
   558  0E21                     	;# 
   559  0E22                     	;# 
   560  0E24                     	;# 
   561  0E25                     	;# 
   562  0E28                     	;# 
   563  0E29                     	;# 
   564  0E2A                     	;# 
   565  0E2B                     	;# 
   566  0E2C                     	;# 
   567  0E2D                     	;# 
   568  0E2E                     	;# 
   569  0E2F                     	;# 
   570  0E90                     	;# 
   571  0E91                     	;# 
   572  0E92                     	;# 
   573  0E94                     	;# 
   574  0E95                     	;# 
   575  0EA0                     	;# 
   576  0EA1                     	;# 
   577  0EA2                     	;# 
   578  0EA3                     	;# 
   579  0EA4                     	;# 
   580  0EA5                     	;# 
   581  0F0F                     	;# 
   582  0F10                     	;# 
   583  0F11                     	;# 
   584  0F12                     	;# 
   585  0F13                     	;# 
   586  0F14                     	;# 
   587  0F15                     	;# 
   588  0F16                     	;# 
   589  0F17                     	;# 
   590  0F18                     	;# 
   591  0F19                     	;# 
   592  0F1A                     	;# 
   593  0F1B                     	;# 
   594  0F1C                     	;# 
   595  0F1D                     	;# 
   596  0F1E                     	;# 
   597  0F1F                     	;# 
   598  0F20                     	;# 
   599  0F21                     	;# 
   600  0F22                     	;# 
   601  0F23                     	;# 
   602  0F24                     	;# 
   603  0F25                     	;# 
   604  0F26                     	;# 
   605  0F27                     	;# 
   606  0F28                     	;# 
   607  0F29                     	;# 
   608  0F2A                     	;# 
   609  0F2B                     	;# 
   610  0F2C                     	;# 
   611  0F2D                     	;# 
   612  0F2E                     	;# 
   613  0F2F                     	;# 
   614  0F30                     	;# 
   615  0F31                     	;# 
   616  0F32                     	;# 
   617  0F33                     	;# 
   618  0F34                     	;# 
   619  0F35                     	;# 
   620  0F36                     	;# 
   621  0F37                     	;# 
   622  0FE4                     	;# 
   623  0FE5                     	;# 
   624  0FE6                     	;# 
   625  0FE7                     	;# 
   626  0FE8                     	;# 
   627  0FE9                     	;# 
   628  0FEA                     	;# 
   629  0FEB                     	;# 
   630  0FED                     	;# 
   631  0FEE                     	;# 
   632  0FEF                     	;# 
   633                           
   634                           	psect	idataCOMMON
   635  00A6                     __pidataCOMMON:	
   636                           
   637                           ;initializer for _Freq_step
   638  00A6  3410               	retlw	16
   639  00A7  3427               	retlw	39
   640  000B                     _INTCONbits	set	11
   641  0010                     _PIR0bits	set	16
   642  0011                     _PIR1bits	set	17
   643  000C                     _PORTA	set	12
   644  000E                     _PORTC	set	14
   645  0017                     _T0CON0bits	set	23
   646  0018                     _T0CON1bits	set	24
   647  009F                     _ADACTbits	set	159
   648  009D                     _ADCON0bits	set	157
   649  009E                     _ADCON1bits	set	158
   650  009C                     _ADRESH	set	156
   651  0090                     _PIE0bits	set	144
   652  0091                     _PIE1bits	set	145
   653  008C                     _TRISA	set	140
   654  008E                     _TRISC	set	142
   655  010C                     _LATA	set	268
   656  010E                     _LATC	set	270
   657  010E                     _LATCbits	set	270
   658  018C                     _ANSELA	set	396
   659  018E                     _ANSELC	set	398
   660  020C                     _WPUA	set	524
   661  020E                     _WPUC	set	526
   662  028C                     _ODCONA	set	652
   663  028E                     _ODCONC	set	654
   664  030C                     _SLRCONA	set	780
   665  030E                     _SLRCONC	set	782
   666  038C                     _INLVLA	set	908
   667  038E                     _INLVLC	set	910
   668  049F                     _NCO1CLKbits	set	1183
   669  049E                     _NCO1CONbits	set	1182
   670  049C                     _NCO1INCHbits	set	1180
   671  049B                     _NCO1INCLbits	set	1179
   672  049D                     _NCO1INCUbits	set	1181
   673  0E92                     _RA2PPSbits	set	3730
   674                           
   675                           ; #config settings
   676  0000                     
   677                           	psect	cinit
   678  0034                     start_initialization:	
   679  0034                     __initialization:	
   680                           
   681                           ; Initialize objects allocated to COMMON
   682  0034  3180  20A6  3180   	fcall	__pidataCOMMON	;fetch initializer
   683  0037  00F4               	movwf	__pdataCOMMON& (0+127)
   684  0038  3180  20A7         	fcall	__pidataCOMMON+1	;fetch initializer
   685  003A  00F5               	movwf	(__pdataCOMMON+1)& (0+127)
   686  003B                     end_of_initialization:	
   687                           ;End of C runtime variable initialization code
   688                           
   689  003B                     __end_of__initialization:	
   690  003B  107E               	bcf	int$flags,0	;clear compiler interrupt flag (level 1)
   691  003C  0020               	movlb	0
   692  003D  3180  2890         	ljmp	_main	;jump to C main() function
   693                           
   694                           	psect	dataCOMMON
   695  0074                     __pdataCOMMON:	
   696  0074                     _Freq_step:	
   697  0074                     	ds	2
   698                           
   699                           	psect	cstackCOMMON
   700  0070                     __pcstackCOMMON:	
   701  0070                     ?_IO_init:	
   702  0070                     ?_Peripheral_init:	
   703                           ; 0 bytes @ 0x0
   704                           
   705  0070                     ?_Interrupts_init:	
   706                           ; 0 bytes @ 0x0
   707                           
   708  0070                     ?_Interrupts_enable:	
   709                           ; 0 bytes @ 0x0
   710                           
   711  0070                     ?_timer:	
   712                           ; 0 bytes @ 0x0
   713                           
   714  0070                     ??_timer:	
   715                           ; 0 bytes @ 0x0
   716                           
   717  0070                     ?_main:	
   718                           ; 0 bytes @ 0x0
   719                           
   720                           
   721                           ; 2 bytes @ 0x0
   722  0070                     	ds	4
   723  0074                     ??_IO_init:	
   724  0074                     ??_Peripheral_init:	
   725                           ; 0 bytes @ 0x4
   726                           
   727  0074                     ??_Interrupts_init:	
   728                           ; 0 bytes @ 0x4
   729                           
   730  0074                     ??_Interrupts_enable:	
   731                           ; 0 bytes @ 0x4
   732                           
   733  0074                     ??_main:	
   734                           ; 0 bytes @ 0x4
   735                           
   736                           
   737                           	psect	maintext
   738  0090                     __pmaintext:	
   739                           ; 0 bytes @ 0x4
   740 ;;
   741 ;;Main: autosize = 0, tempsize = 0, incstack = 0, save=0
   742 ;;
   743 ;; *************** function _main *****************
   744 ;; Defined at:
   745 ;;		line 61 in file "main.c"
   746 ;; Parameters:    Size  Location     Type
   747 ;;		None
   748 ;; Auto vars:     Size  Location     Type
   749 ;;		None
   750 ;; Return value:  Size  Location     Type
   751 ;;                  2   98[None  ] int 
   752 ;; Registers used:
   753 ;;		wreg, status,2, status,0, pclath, cstack
   754 ;; Tracked objects:
   755 ;;		On entry : B1F/0
   756 ;;		On exit  : 0/0
   757 ;;		Unchanged: 0/0
   758 ;; Data sizes:     COMMON   BANK0   BANK1   BANK2   BANK3   BANK4   BANK5   BANK6
   759 ;;      Params:         0       0       0       0       0       0       0       0
   760 ;;      Locals:         0       0       0       0       0       0       0       0
   761 ;;      Temps:          0       0       0       0       0       0       0       0
   762 ;;      Totals:         0       0       0       0       0       0       0       0
   763 ;;Total ram usage:        0 bytes
   764 ;; Hardware stack levels required when called:    2
   765 ;; This function calls:
   766 ;;		_IO_init
   767 ;;		_Interrupts_enable
   768 ;;		_Interrupts_init
   769 ;;		_Peripheral_init
   770 ;; This function is called by:
   771 ;;		Startup code after reset
   772 ;; This function uses a non-reentrant model
   773 ;;
   774                           
   775                           
   776                           ;psect for function _main
   777  0090                     _main:	
   778                           
   779                           ;main.c: 64: IO_init();
   780                           
   781                           ;incstack = 0
   782                           ; Regs used in _main: [wreg+status,2+status,0+pclath+cstack]
   783  0090  3180  2073  3180   	fcall	_IO_init
   784                           
   785                           ;main.c: 65: Peripheral_init();
   786  0093  3180  203F  3180   	fcall	_Peripheral_init
   787                           
   788                           ;main.c: 67: Interrupts_init();
   789  0096  3180  209D  3180   	fcall	_Interrupts_init
   790                           
   791                           ;main.c: 68: Interrupts_enable();
   792  0099  3180  20A3  3180   	fcall	_Interrupts_enable
   793  009C                     l99:	
   794                           ;main.c: 72: while(1)
   795                           
   796                           
   797                           ;main.c: 73: {
   798  009C  289C               	goto	l99
   799  009D                     __end_of_main:	
   800                           ;main.c: 76: }
   801                           ;main.c: 79: return(0);
   802                           ;	Return value of _main is never used
   803                           
   804                           
   805                           	psect	text1
   806  003F                     __ptext1:	
   807 ;; *************** function _Peripheral_init *****************
   808 ;; Defined at:
   809 ;;		line 150 in file "init.c"
   810 ;; Parameters:    Size  Location     Type
   811 ;;		None
   812 ;; Auto vars:     Size  Location     Type
   813 ;;		None
   814 ;; Return value:  Size  Location     Type
   815 ;;		None               void
   816 ;; Registers used:
   817 ;;		wreg, status,2, status,0
   818 ;; Tracked objects:
   819 ;;		On entry : 0/0
   820 ;;		On exit  : 0/0
   821 ;;		Unchanged: 0/0
   822 ;; Data sizes:     COMMON   BANK0   BANK1   BANK2   BANK3   BANK4   BANK5   BANK6
   823 ;;      Params:         0       0       0       0       0       0       0       0
   824 ;;      Locals:         0       0       0       0       0       0       0       0
   825 ;;      Temps:          0       0       0       0       0       0       0       0
   826 ;;      Totals:         0       0       0       0       0       0       0       0
   827 ;;Total ram usage:        0 bytes
   828 ;; Hardware stack levels used:    1
   829 ;; Hardware stack levels required when called:    1
   830 ;; This function calls:
   831 ;;		Nothing
   832 ;; This function is called by:
   833 ;;		_main
   834 ;; This function uses a non-reentrant model
   835 ;;
   836                           
   837                           
   838                           ;psect for function _Peripheral_init
   839  003F                     _Peripheral_init:	
   840                           
   841                           ;init.c: 155: T0CON0bits.T0EN = 0;
   842                           
   843                           ;incstack = 0
   844                           ; Regs used in _Peripheral_init: [wreg+status,2+status,0]
   845  003F  0020               	movlb	0	; select bank0
   846  0040  1397               	bcf	23,7	;volatile
   847                           
   848                           ;init.c: 156: T0CON0bits.T016BIT = 1;
   849  0041  1617               	bsf	23,4	;volatile
   850                           
   851                           ;init.c: 157: T0CON0bits.T0OUTPS = 0b0000;
   852  0042  30F0               	movlw	-16
   853  0043  0597               	andwf	23,f	;volatile
   854                           
   855                           ;init.c: 159: T0CON1bits.T0CS = 0b011;
   856  0044  0818               	movf	24,w	;volatile
   857  0045  391F               	andlw	-225
   858  0046  3860               	iorlw	96
   859  0047  0098               	movwf	24	;volatile
   860                           
   861                           ;init.c: 160: T0CON1bits.T0ASYNC = 1;
   862  0048  1618               	bsf	24,4	;volatile
   863                           
   864                           ;init.c: 161: T0CON1bits.T0CKPS = 0b0101;
   865  0049  0818               	movf	24,w	;volatile
   866  004A  39F0               	andlw	-16
   867  004B  3805               	iorlw	5
   868  004C  0098               	movwf	24	;volatile
   869                           
   870                           ;init.c: 163: T0CON0bits.T0EN = 1;
   871  004D  1797               	bsf	23,7	;volatile
   872                           
   873                           ;init.c: 172: ADCON0bits.ADON = 0;
   874  004E  0021               	movlb	1	; select bank1
   875  004F  101D               	bcf	29,0	;volatile
   876                           
   877                           ;init.c: 174: ADCON0bits.CHS = 0b000100;
   878  0050  081D               	movf	29,w	;volatile
   879  0051  3903               	andlw	-253
   880  0052  3810               	iorlw	16
   881  0053  009D               	movwf	29	;volatile
   882                           
   883                           ;init.c: 175: ADCON1bits.ADFM = 0;
   884  0054  139E               	bcf	30,7	;volatile
   885                           
   886                           ;init.c: 176: ADCON1bits.ADCS = 0b110;
   887  0055  081E               	movf	30,w	;volatile
   888  0056  398F               	andlw	-113
   889  0057  3860               	iorlw	96
   890  0058  009E               	movwf	30	;volatile
   891                           
   892                           ;init.c: 177: ADCON1bits.ADNREF = 0;
   893  0059  111E               	bcf	30,2	;volatile
   894                           
   895                           ;init.c: 178: ADCON1bits.ADPREF = 0;
   896  005A  30FC               	movlw	-4
   897  005B  059E               	andwf	30,f	;volatile
   898                           
   899                           ;init.c: 179: ADACTbits.ADACT = 0b0011;
   900  005C  081F               	movf	31,w	;volatile
   901  005D  39E0               	andlw	-32
   902  005E  3803               	iorlw	3
   903  005F  009F               	movwf	31	;volatile
   904                           
   905                           ;init.c: 181: ADCON0bits.ADON = 1;
   906  0060  141D               	bsf	29,0	;volatile
   907                           
   908                           ;init.c: 186: NCO1CONbits.N1EN = 0;
   909  0061  0029               	movlb	9	; select bank9
   910  0062  139E               	bcf	30,7	;volatile
   911                           
   912                           ;init.c: 188: NCO1CONbits.N1PFM = 0;
   913  0063  101E               	bcf	30,0	;volatile
   914                           
   915                           ;init.c: 189: NCO1CLKbits.N1CKS = 0b00;
   916  0064  30FC               	movlw	-4
   917  0065  059F               	andwf	31,f	;volatile
   918                           
   919                           ;init.c: 191: NCO1INCLbits.NCO1INCL = 0b00110011;
   920  0066  3033               	movlw	51
   921  0067  009B               	movwf	27	;volatile
   922                           
   923                           ;init.c: 192: NCO1INCHbits.NCO1INCH = 0b00110011;
   924  0068  3033               	movlw	51
   925  0069  009C               	movwf	28	;volatile
   926                           
   927                           ;init.c: 193: NCO1INCUbits.NCO1INCU = 0;
   928  006A  30F0               	movlw	-16
   929  006B  059D               	andwf	29,f	;volatile
   930                           
   931                           ;init.c: 195: NCO1CONbits.N1EN = 1;
   932  006C  179E               	bsf	30,7	;volatile
   933                           
   934                           ;init.c: 200: RA2PPSbits.RA2PPS = 0b11101;
   935  006D  003D               	movlb	29	; select bank29
   936  006E  0812               	movf	18,w	;volatile
   937  006F  39E0               	andlw	-32
   938  0070  381D               	iorlw	29
   939  0071  0092               	movwf	18	;volatile
   940  0072  0008               	return
   941  0073                     __end_of_Peripheral_init:	
   942                           
   943                           	psect	text2
   944  009D                     __ptext2:	
   945 ;; *************** function _Interrupts_init *****************
   946 ;; Defined at:
   947 ;;		line 206 in file "init.c"
   948 ;; Parameters:    Size  Location     Type
   949 ;;		None
   950 ;; Auto vars:     Size  Location     Type
   951 ;;		None
   952 ;; Return value:  Size  Location     Type
   953 ;;		None               void
   954 ;; Registers used:
   955 ;;		None
   956 ;; Tracked objects:
   957 ;;		On entry : 0/0
   958 ;;		On exit  : 0/0
   959 ;;		Unchanged: 0/0
   960 ;; Data sizes:     COMMON   BANK0   BANK1   BANK2   BANK3   BANK4   BANK5   BANK6
   961 ;;      Params:         0       0       0       0       0       0       0       0
   962 ;;      Locals:         0       0       0       0       0       0       0       0
   963 ;;      Temps:          0       0       0       0       0       0       0       0
   964 ;;      Totals:         0       0       0       0       0       0       0       0
   965 ;;Total ram usage:        0 bytes
   966 ;; Hardware stack levels used:    1
   967 ;; Hardware stack levels required when called:    1
   968 ;; This function calls:
   969 ;;		Nothing
   970 ;; This function is called by:
   971 ;;		_main
   972 ;; This function uses a non-reentrant model
   973 ;;
   974                           
   975                           
   976                           ;psect for function _Interrupts_init
   977  009D                     _Interrupts_init:	
   978                           
   979                           ;init.c: 210: INTCONbits.GIE = 0;
   980                           
   981                           ;incstack = 0
   982                           ; Regs used in _Interrupts_init: []
   983  009D  138B               	bcf	11,7	;volatile
   984                           
   985                           ;init.c: 211: INTCONbits.PEIE = 0;
   986  009E  130B               	bcf	11,6	;volatile
   987                           
   988                           ;init.c: 214: PIE0bits.TMR0IE = 1;
   989  009F  0021               	movlb	1	; select bank1
   990  00A0  1690               	bsf	16,5	;volatile
   991                           
   992                           ;init.c: 217: PIE1bits.ADIE = 1;
   993  00A1  1711               	bsf	17,6	;volatile
   994  00A2  0008               	return
   995  00A3                     __end_of_Interrupts_init:	
   996                           
   997                           	psect	text3
   998  00A3                     __ptext3:	
   999 ;; *************** function _Interrupts_enable *****************
  1000 ;; Defined at:
  1001 ;;		line 222 in file "init.c"
  1002 ;; Parameters:    Size  Location     Type
  1003 ;;		None
  1004 ;; Auto vars:     Size  Location     Type
  1005 ;;		None
  1006 ;; Return value:  Size  Location     Type
  1007 ;;		None               void
  1008 ;; Registers used:
  1009 ;;		None
  1010 ;; Tracked objects:
  1011 ;;		On entry : 0/0
  1012 ;;		On exit  : 0/0
  1013 ;;		Unchanged: 0/0
  1014 ;; Data sizes:     COMMON   BANK0   BANK1   BANK2   BANK3   BANK4   BANK5   BANK6
  1015 ;;      Params:         0       0       0       0       0       0       0       0
  1016 ;;      Locals:         0       0       0       0       0       0       0       0
  1017 ;;      Temps:          0       0       0       0       0       0       0       0
  1018 ;;      Totals:         0       0       0       0       0       0       0       0
  1019 ;;Total ram usage:        0 bytes
  1020 ;; Hardware stack levels used:    1
  1021 ;; Hardware stack levels required when called:    1
  1022 ;; This function calls:
  1023 ;;		Nothing
  1024 ;; This function is called by:
  1025 ;;		_main
  1026 ;; This function uses a non-reentrant model
  1027 ;;
  1028                           
  1029                           
  1030                           ;psect for function _Interrupts_enable
  1031  00A3                     _Interrupts_enable:	
  1032                           
  1033                           ;init.c: 224: INTCONbits.GIE = 1;
  1034                           
  1035                           ;incstack = 0
  1036                           ; Regs used in _Interrupts_enable: []
  1037  00A3  178B               	bsf	11,7	;volatile
  1038                           
  1039                           ;init.c: 225: INTCONbits.PEIE = 1;
  1040  00A4  170B               	bsf	11,6	;volatile
  1041  00A5  0008               	return
  1042  00A6                     __end_of_Interrupts_enable:	
  1043                           
  1044                           	psect	text4
  1045  0073                     __ptext4:	
  1046 ;; *************** function _IO_init *****************
  1047 ;; Defined at:
  1048 ;;		line 116 in file "init.c"
  1049 ;; Parameters:    Size  Location     Type
  1050 ;;		None
  1051 ;; Auto vars:     Size  Location     Type
  1052 ;;		None
  1053 ;; Return value:  Size  Location     Type
  1054 ;;		None               void
  1055 ;; Registers used:
  1056 ;;		wreg, status,2
  1057 ;; Tracked objects:
  1058 ;;		On entry : 0/0
  1059 ;;		On exit  : 0/0
  1060 ;;		Unchanged: 0/0
  1061 ;; Data sizes:     COMMON   BANK0   BANK1   BANK2   BANK3   BANK4   BANK5   BANK6
  1062 ;;      Params:         0       0       0       0       0       0       0       0
  1063 ;;      Locals:         0       0       0       0       0       0       0       0
  1064 ;;      Temps:          0       0       0       0       0       0       0       0
  1065 ;;      Totals:         0       0       0       0       0       0       0       0
  1066 ;;Total ram usage:        0 bytes
  1067 ;; Hardware stack levels used:    1
  1068 ;; Hardware stack levels required when called:    1
  1069 ;; This function calls:
  1070 ;;		Nothing
  1071 ;; This function is called by:
  1072 ;;		_main
  1073 ;; This function uses a non-reentrant model
  1074 ;;
  1075                           
  1076                           
  1077                           ;psect for function _IO_init
  1078  0073                     _IO_init:	
  1079                           
  1080                           ;init.c: 119: PORTA = 0b00000000;
  1081                           
  1082                           ;incstack = 0
  1083                           ; Regs used in _IO_init: [wreg+status,2]
  1084  0073  0020               	movlb	0	; select bank0
  1085  0074  018C               	clrf	12	;volatile
  1086                           
  1087                           ;init.c: 120: PORTC = 0b00000000;
  1088  0075  018E               	clrf	14	;volatile
  1089                           
  1090                           ;init.c: 122: LATA = 0b00000000;
  1091  0076  0022               	movlb	2	; select bank2
  1092  0077  018C               	clrf	12	;volatile
  1093                           
  1094                           ;init.c: 123: LATC = 0b00000000;
  1095  0078  018E               	clrf	14	;volatile
  1096                           
  1097                           ;init.c: 126: ANSELA = 0b00010000;
  1098  0079  3010               	movlw	16
  1099  007A  0023               	movlb	3	; select bank3
  1100  007B  008C               	movwf	12	;volatile
  1101                           
  1102                           ;init.c: 127: ANSELC = 0b00000000;
  1103  007C  018E               	clrf	14	;volatile
  1104                           
  1105                           ;init.c: 130: TRISA = 0b00010000;
  1106  007D  3010               	movlw	16
  1107  007E  0021               	movlb	1	; select bank1
  1108  007F  008C               	movwf	12	;volatile
  1109                           
  1110                           ;init.c: 131: TRISC = 0b00000000;
  1111  0080  018E               	clrf	14	;volatile
  1112                           
  1113                           ;init.c: 134: WPUA = 0b00000000;
  1114  0081  0024               	movlb	4	; select bank4
  1115  0082  018C               	clrf	12	;volatile
  1116                           
  1117                           ;init.c: 135: WPUC = 0b00000000;
  1118  0083  018E               	clrf	14	;volatile
  1119                           
  1120                           ;init.c: 138: ODCONA = 0b00000000;
  1121  0084  0025               	movlb	5	; select bank5
  1122  0085  018C               	clrf	12	;volatile
  1123                           
  1124                           ;init.c: 139: ODCONC = 0b00000000;
  1125  0086  018E               	clrf	14	;volatile
  1126                           
  1127                           ;init.c: 142: SLRCONA = 0b00000000;
  1128  0087  0026               	movlb	6	; select bank6
  1129  0088  018C               	clrf	12	;volatile
  1130                           
  1131                           ;init.c: 143: SLRCONC = 0b00000000;
  1132  0089  018E               	clrf	14	;volatile
  1133                           
  1134                           ;init.c: 146: INLVLA = 0b00111111;
  1135  008A  303F               	movlw	63
  1136  008B  0027               	movlb	7	; select bank7
  1137  008C  008C               	movwf	12	;volatile
  1138                           
  1139                           ;init.c: 147: INLVLC = 0b00111111;
  1140  008D  303F               	movlw	63
  1141  008E  008E               	movwf	14	;volatile
  1142  008F  0008               	return
  1143  0090                     __end_of_IO_init:	
  1144                           
  1145                           	psect	intentry
  1146  0004                     __pintentry:	
  1147 ;; *************** function _timer *****************
  1148 ;; Defined at:
  1149 ;;		line 89 in file "main.c"
  1150 ;; Parameters:    Size  Location     Type
  1151 ;;		None
  1152 ;; Auto vars:     Size  Location     Type
  1153 ;;		None
  1154 ;; Return value:  Size  Location     Type
  1155 ;;		None               void
  1156 ;; Registers used:
  1157 ;;		wreg, status,2, status,0
  1158 ;; Tracked objects:
  1159 ;;		On entry : 0/0
  1160 ;;		On exit  : 0/0
  1161 ;;		Unchanged: 0/0
  1162 ;; Data sizes:     COMMON   BANK0   BANK1   BANK2   BANK3   BANK4   BANK5   BANK6
  1163 ;;      Params:         0       0       0       0       0       0       0       0
  1164 ;;      Locals:         0       0       0       0       0       0       0       0
  1165 ;;      Temps:          4       0       0       0       0       0       0       0
  1166 ;;      Totals:         4       0       0       0       0       0       0       0
  1167 ;;Total ram usage:        4 bytes
  1168 ;; Hardware stack levels used:    1
  1169 ;; This function calls:
  1170 ;;		Nothing
  1171 ;; This function is called by:
  1172 ;;		Interrupt level 1
  1173 ;; This function uses a non-reentrant model
  1174 ;;
  1175                           
  1176  0004                     _timer:	
  1177                           
  1178                           ;incstack = 0
  1179                           ; Regs used in _timer: [wreg+status,2+status,0]
  1180  0004  147E               	bsf	126,0	;set compiler interrupt flag (level 1)
  1181  0005  3180               	pagesel	$
  1182  0006  0020               	movlb	0	; select bank0
  1183  0007  087F               	movf	127,w
  1184  0008  00F3               	movwf	??_timer+3
  1185                           
  1186                           ;main.c: 91: if (PIR0bits.TMR0IF == 1)
  1187  0009  1E90               	btfss	16,5	;volatile
  1188  000A  2818               	goto	i1l105
  1189                           
  1190                           ;main.c: 92: {
  1191                           ;main.c: 93: PIR0bits.TMR0IF = 0;
  1192  000B  1290               	bcf	16,5	;volatile
  1193                           
  1194                           ;main.c: 94: LATCbits.LATC4 = ~LATCbits.LATC4;
  1195  000C  1003               	clrc
  1196  000D  0022               	movlb	2	; select bank2
  1197  000E  1E0E               	btfss	14,4	;volatile
  1198  000F  1403               	setc
  1199  0010  1C03               	btfss	3,0
  1200  0011  2815               	goto	u2_20
  1201  0012  0022               	movlb	2	; select bank2
  1202  0013  160E               	bsf	14,4	;volatile
  1203  0014  282D               	goto	i1l106
  1204  0015                     u2_20:	
  1205  0015  0022               	movlb	2	; select bank2
  1206  0016  120E               	bcf	14,4	;volatile
  1207                           
  1208                           ;main.c: 95: return;
  1209  0017  282D               	goto	i1l106
  1210  0018                     i1l105:	
  1211                           
  1212                           ;main.c: 96: }
  1213                           ;main.c: 98: if (PIR1bits.ADIF == 1)
  1214  0018  1F11               	btfss	17,6	;volatile
  1215  0019  282D               	goto	i1l106
  1216                           
  1217                           ;main.c: 99: {
  1218                           ;main.c: 100: PIR1bits.ADIF = 0;
  1219  001A  1311               	bcf	17,6	;volatile
  1220                           
  1221                           ;main.c: 103: Freq_step = ADRESH << 8;
  1222  001B  0021               	movlb	1	; select bank1
  1223  001C  081C               	movf	28,w	;volatile
  1224  001D  00F0               	movwf	??_timer
  1225  001E  01F1               	clrf	??_timer+1
  1226  001F  0870               	movf	??_timer,w
  1227  0020  00F1               	movwf	??_timer+1
  1228  0021  01F0               	clrf	??_timer
  1229  0022  0870               	movf	??_timer,w
  1230  0023  00F4               	movwf	_Freq_step
  1231  0024  0871               	movf	??_timer+1,w
  1232  0025  00F5               	movwf	_Freq_step+1
  1233                           
  1234                           ;main.c: 104: NCO1INCLbits.NCO1INCL = Freq_step & 0x00FF;
  1235  0026  0874               	movf	_Freq_step,w
  1236  0027  0029               	movlb	9	; select bank9
  1237  0028  009B               	movwf	27	;volatile
  1238                           
  1239                           ;main.c: 105: NCO1INCHbits.NCO1INCH = (Freq_step & 0xFF00) >> 8;
  1240  0029  0875               	movf	_Freq_step+1,w
  1241  002A  009C               	movwf	28	;volatile
  1242                           
  1243                           ;main.c: 106: NCO1INCUbits.NCO1INCU = 0;
  1244  002B  30F0               	movlw	-16
  1245  002C  059D               	andwf	29,f	;volatile
  1246  002D                     i1l106:	
  1247                           ;main.c: 110: return;
  1248                           
  1249  002D  0873               	movf	??_timer+3,w
  1250  002E  0020               	movlb	0	; select bank0
  1251  002F  00FF               	movwf	127
  1252  0030  107E               	bcf	126,0	;clear compiler interrupt flag (level 1)
  1253  0031  0009               	retfie
  1254  0032                     __end_of_timer:	
  1255  007E                     btemp	set	126	;btemp
  1256  007E                     int$flags	set	126
  1257  007E                     wtemp	set	126
  1258  007E                     wtemp0	set	126
  1259  0080                     wtemp1	set	128
  1260  0082                     wtemp2	set	130
  1261  0084                     wtemp3	set	132
  1262  0086                     wtemp4	set	134
  1263  0088                     wtemp5	set	136
  1264  007F                     wtemp6	set	127
  1265  007E                     ttemp	set	126
  1266  007E                     ttemp0	set	126
  1267  0081                     ttemp1	set	129
  1268  0084                     ttemp2	set	132
  1269  0087                     ttemp3	set	135
  1270  007F                     ttemp4	set	127
  1271  007E                     ltemp	set	126
  1272  007E                     ltemp0	set	126
  1273  0082                     ltemp1	set	130
  1274  0086                     ltemp2	set	134
  1275  0080                     ltemp3	set	128


Data Sizes:
    Strings     0
    Constant    0
    Data        2
    BSS         0
    Persistent  0
    Stack       0

Auto Spaces:
    Space          Size  Autos    Used
    COMMON           14      4       6
    BANK0            80      0       0
    BANK1            80      0       0
    BANK2            80      0       0
    BANK3            80      0       0
    BANK4            80      0       0
    BANK5            80      0       0
    BANK6            16      0       0

Pointer List with Targets:

    None.

Critical Paths under _main in COMMON

    None.

Critical Paths under _timer in COMMON

    None.

Critical Paths under _main in BANK0

    None.

Critical Paths under _timer in BANK0

    None.

Critical Paths under _main in BANK1

    None.

Critical Paths under _timer in BANK1

    None.

Critical Paths under _main in BANK2

    None.

Critical Paths under _timer in BANK2

    None.

Critical Paths under _main in BANK3

    None.

Critical Paths under _timer in BANK3

    None.

Critical Paths under _main in BANK4

    None.

Critical Paths under _timer in BANK4

    None.

Critical Paths under _main in BANK5

    None.

Critical Paths under _timer in BANK5

    None.

Critical Paths under _main in BANK6

    None.

Critical Paths under _timer in BANK6

    None.

Call Graph Tables:

 ---------------------------------------------------------------------------------
 (Depth) Function   	        Calls       Base Space   Used Autos Params    Refs
 ---------------------------------------------------------------------------------
 (0) _main                                                 0     0      0       0
                            _IO_init
                  _Interrupts_enable
                    _Interrupts_init
                    _Peripheral_init
 ---------------------------------------------------------------------------------
 (1) _Peripheral_init                                      0     0      0       0
 ---------------------------------------------------------------------------------
 (1) _Interrupts_init                                      0     0      0       0
 ---------------------------------------------------------------------------------
 (1) _Interrupts_enable                                    0     0      0       0
 ---------------------------------------------------------------------------------
 (1) _IO_init                                              0     0      0       0
 ---------------------------------------------------------------------------------
 Estimated maximum stack depth 1
 ---------------------------------------------------------------------------------
 (Depth) Function   	        Calls       Base Space   Used Autos Params    Refs
 ---------------------------------------------------------------------------------
 (2) _timer                                                4     4      0       0
                                              0 COMMON     4     4      0
 ---------------------------------------------------------------------------------
 Estimated maximum stack depth 2
 ---------------------------------------------------------------------------------

 Call Graph Graphs:

 _main (ROOT)
   _IO_init
   _Interrupts_enable
   _Interrupts_init
   _Peripheral_init

 _timer (ROOT)

 Address spaces:
Name               Size   Autos  Total    Cost      Usage
BIGRAM             1F0      0       0       0        0.0%
NULL                 0      0       0       0        0.0%
CODE                 0      0       0       0        0.0%
BITCOMMON            E      0       0       1        0.0%
BITSFR0              0      0       0       1        0.0%
SFR0                 0      0       0       1        0.0%
COMMON               E      4       6       2       42.9%
BITSFR1              0      0       0       2        0.0%
SFR1                 0      0       0       2        0.0%
BITSFR2              0      0       0       3        0.0%
SFR2                 0      0       0       3        0.0%
STACK                0      0       0       3        0.0%
BITSFR3              0      0       0       4        0.0%
SFR3                 0      0       0       4        0.0%
ABS                  0      0       6       4        0.0%
BITBANK0            50      0       0       5        0.0%
BITSFR4              0      0       0       5        0.0%
SFR4                 0      0       0       5        0.0%
BANK0               50      0       0       6        0.0%
BITSFR5              0      0       0       6        0.0%
SFR5                 0      0       0       6        0.0%
BITBANK1            50      0       0       7        0.0%
BITSFR6              0      0       0       7        0.0%
SFR6                 0      0       0       7        0.0%
BANK1               50      0       0       8        0.0%
BITSFR7              0      0       0       8        0.0%
SFR7                 0      0       0       8        0.0%
BITBANK2            50      0       0       9        0.0%
BITSFR8              0      0       0       9        0.0%
SFR8                 0      0       0       9        0.0%
BANK2               50      0       0      10        0.0%
BITSFR9              0      0       0      10        0.0%
SFR9                 0      0       0      10        0.0%
BITBANK3            50      0       0      11        0.0%
BITSFR10             0      0       0      11        0.0%
SFR10                0      0       0      11        0.0%
BANK3               50      0       0      12        0.0%
BITSFR11             0      0       0      12        0.0%
SFR11                0      0       0      12        0.0%
BITBANK4            50      0       0      13        0.0%
BITSFR12             0      0       0      13        0.0%
SFR12                0      0       0      13        0.0%
BANK4               50      0       0      14        0.0%
BITSFR13             0      0       0      14        0.0%
SFR13                0      0       0      14        0.0%
BITBANK5            50      0       0      15        0.0%
BITSFR14             0      0       0      15        0.0%
SFR14                0      0       0      15        0.0%
BANK5               50      0       0      16        0.0%
BITSFR15             0      0       0      16        0.0%
SFR15                0      0       0      16        0.0%
BITBANK6            10      0       0      17        0.0%
BITSFR16             0      0       0      17        0.0%
SFR16                0      0       0      17        0.0%
BANK6               10      0       0      18        0.0%
BITSFR17             0      0       0      18        0.0%
SFR17                0      0       0      18        0.0%
BITSFR18             0      0       0      19        0.0%
SFR18                0      0       0      19        0.0%
DATA                 0      0       6      19        0.0%
BITSFR19             0      0       0      20        0.0%
SFR19                0      0       0      20        0.0%
BITSFR20             0      0       0      21        0.0%
SFR20                0      0       0      21        0.0%
BITSFR21             0      0       0      22        0.0%
SFR21                0      0       0      22        0.0%
BITSFR22             0      0       0      23        0.0%
SFR22                0      0       0      23        0.0%
BITSFR23             0      0       0      24        0.0%
SFR23                0      0       0      24        0.0%
BITSFR24             0      0       0      25        0.0%
SFR24                0      0       0      25        0.0%
BITSFR25             0      0       0      26        0.0%
SFR25                0      0       0      26        0.0%
BITSFR26             0      0       0      27        0.0%
SFR26                0      0       0      27        0.0%
BITSFR27             0      0       0      28        0.0%
SFR27                0      0       0      28        0.0%
BITSFR28             0      0       0      29        0.0%
SFR28                0      0       0      29        0.0%
BITSFR29             0      0       0      30        0.0%
SFR29                0      0       0      30        0.0%
BITSFR30             0      0       0      31        0.0%
SFR30                0      0       0      31        0.0%
BITSFR31             0      0       0      32        0.0%
SFR31                0      0       0      32        0.0%


Microchip Technology PIC Macro Assembler V1.35 build -356382666 
Symbol Table                                                                                   Fri Aug 19 23:14:36 2016

               __CFG_CP$OFF 0000                          l99 009C                 __CFG_LVP$ON 0000  
         ??_Interrupts_init 0074                __CFG_CPD$OFF 0000                        _LATA 010C  
                      _LATC 010E                        _WPUA 020C                        _WPUC 020E  
                      u2_20 0015                __CFG_WRT$OFF 0000               __CFG_FCMEN$ON 0000  
                      _main 0090             __end_of_IO_init 0090                        btemp 007E  
         _Interrupts_enable 00A3               __CFG_BOREN$ON 0000                        ltemp 007E  
             __CFG_BORV$LOW 0000                        start 0032                        ttemp 007E  
                      wtemp 007E          ?_Interrupts_enable 0070               __CFG_MCLRE$ON 0000  
       ??_Interrupts_enable 0074                       ?_main 0070               __CFG_WDTE$OFF 0000  
            __CFG_DEBUG$OFF 0000                       i1l105 0018                       i1l106 002D  
                     _PORTA 000C                       _PORTC 000E                       _TRISA 008C  
                     _TRISC 008E                       _timer 0004   __end_of_Interrupts_enable 00A6  
                     ltemp0 007E                       ltemp1 0082                       ltemp2 0086  
                     ltemp3 0080                       ttemp0 007E                       ttemp1 0081  
                     ttemp2 0084                       ttemp3 0087                       ttemp4 007F  
                     status 0003                       wtemp0 007E                       wtemp1 0080  
                     wtemp2 0082                       wtemp3 0084                       wtemp4 0086  
                     wtemp5 0088                       wtemp6 007F              __CFG_CSWEN$OFF 0000  
           __initialization 0034                __end_of_main 009D                      ??_main 0074  
                 ??_IO_init 0074                      _ADRESH 009C                      ?_timer 0070  
                    _ANSELA 018C                      _ANSELC 018E                      _ODCONA 028C  
                    _ODCONC 028E                      _INLVLA 038C                      _INLVLC 038E  
            __CFG_PWRTE$OFF 0000              __CFG_STVREN$ON 0000                __pdataCOMMON 0074  
__size_of_Interrupts_enable 0003     __end_of__initialization 003B             _Interrupts_init 009D  
            __pcstackCOMMON 0070               __end_of_timer 0032                     ??_timer 0070  
                __pmaintext 0090             __CFG_PPS1WAY$ON 0000    __size_of_Peripheral_init 0034  
                __pintentry 0004         __CFG_RSTOSC$HFINT32 0000                     _SLRCONA 030C  
                   _SLRCONC 030E                     _IO_init 0073                   _ADACTbits 009F  
   __end_of_Interrupts_init 00A3                _NCO1INCHbits 049C                _NCO1INCLbits 049B  
              _NCO1INCUbits 049D                     __ptext1 003F                     __ptext2 009D  
                   __ptext3 00A3                     __ptext4 0073        end_of_initialization 003B  
         ??_Peripheral_init 0074            __CFG_FEXTOSC$ECH 0000            ?_Interrupts_init 0070  
             __pidataCOMMON 00A6         start_initialization 0034                   _Freq_step 0074  
          __CFG_LPBOREN$OFF 0000                   ___latbits 0001                    ?_IO_init 0070  
               _NCO1CLKbits 049F                 _NCO1CONbits 049E              __size_of_timer 002E  
                  _LATCbits 010E                    _PIE0bits 0090                    _PIE1bits 0091  
                  _PIR0bits 0010                    _PIR1bits 0011             _Peripheral_init 003F  
                _ADCON0bits 009D                  _ADCON1bits 009E            __size_of_IO_init 001D  
                _T0CON0bits 0017                  _T0CON1bits 0018     __end_of_Peripheral_init 0073  
             __size_of_main 000D                  _RA2PPSbits 0E92    __size_of_Interrupts_init 0006  
                  int$flags 007E                  _INTCONbits 000B                    intlevel1 0000  
         __CFG_CLKOUTEN$OFF 0000            ?_Peripheral_init 0070  
